<?xml version="1.0" encoding="UTF-8"?>
<testsuite xmlns:xsi="http://www.w3.org/2001/XMLSchema-instance" xsi:noNamespaceSchemaLocation="https://maven.apache.org/surefire/maven-surefire-plugin/xsd/surefire-test-report-3.0.xsd" version="3.0" name="com.example.activities_server.ActivitiesServerApplicationTests" time="19.382" tests="1" errors="0" skipped="0" failures="0">
  <properties>
[...]
</properties>
  <testcase name="contextLoads" classname="com.example.activities_server.ActivitiesServerApplicationTests" time="1.79">
    <system-out><![CDATA[13:25:58.747 [main] INFO org.springframework.test.context.support.AnnotationConfigContextLoaderUtils -- Could not detect default configuration classes for test class [com.example.activities_server.ActivitiesServerApplicationTests]: ActivitiesServerApplicationTests does not declare any static, non-private, non-final, nested classes annotated with @Configuration.
13:25:58.914 [main] INFO org.springframework.boot.test.context.SpringBootTestContextBootstrapper -- Found @SpringBootConfiguration com.example.activities_server.ActivitiesServerApplication for test class com.example.activities_server.ActivitiesServerApplicationTests

  .   ____          _            __ _ _
 /\\ / ___'_ __ _ _(_)_ __  __ _ \ \ \ \
( ( )\___ | '_ | '_| | '_ \/ _` | \ \ \ \
 \\/  ___)| |_)| | | | | || (_| |  ) ) ) )
  '  |____| .__|_| |_|_| |_\__, | / / / /
 =========|_|==============|___/=/_/_/_/
 :: Spring Boot ::                (v3.2.4)

2025-05-14T13:26:01.170-03:00  INFO 12368 --- [activities-server] [           main] c.e.a.ActivitiesServerApplicationTests   : Starting ActivitiesServerApplicationTests using Java 21.0.6 with PID 12368 (started by do_ch in C:\Users\do_ch\DMHBackend\backend\activities-server)
2025-05-14T13:26:01.172-03:00  INFO 12368 --- [activities-server] [           main] c.e.a.ActivitiesServerApplicationTests   : The following 1 profile is active: "test"
2025-05-14T13:26:03.903-03:00  INFO 12368 --- [activities-server] [           main] .s.d.r.c.RepositoryConfigurationDelegate : Bootstrapping Spring Data JPA repositories in DEFAULT mode.
2025-05-14T13:26:04.251-03:00  INFO 12368 --- [activities-server] [           main] .s.d.r.c.RepositoryConfigurationDelegate : Finished Spring Data repository scanning in 335 ms. Found 1 JPA repository interface.
2025-05-14T13:26:05.861-03:00  INFO 12368 --- [activities-server] [           main] o.s.cloud.context.scope.GenericScope     : BeanFactory id=cd9b22b7-7caf-30ba-87ee-ced2946e79cb
2025-05-14T13:26:06.415-03:00  WARN 12368 --- [activities-server] [           main] trationDelegate$BeanPostProcessorChecker : Bean 'org.springframework.cloud.client.loadbalancer.LoadBalancerAutoConfiguration$DeferringLoadBalancerInterceptorConfig' of type [org.springframework.cloud.client.loadbalancer.LoadBalancerAutoConfiguration$DeferringLoadBalancerInterceptorConfig] is not eligible for getting processed by all BeanPostProcessors (for example: not eligible for auto-proxying). The currently created BeanPostProcessor [lbRestClientPostProcessor] is declared through a non-static factory method on that class; consider declaring it as static instead.
2025-05-14T13:26:06.421-03:00  WARN 12368 --- [activities-server] [           main] trationDelegate$BeanPostProcessorChecker : Bean 'deferringLoadBalancerInterceptor' of type [org.springframework.cloud.client.loadbalancer.DeferringLoadBalancerInterceptor] is not eligible for getting processed by all BeanPostProcessors (for example: not eligible for auto-proxying). Is this bean getting eagerly injected into a currently created BeanPostProcessor [lbRestClientPostProcessor]? Check the corresponding BeanPostProcessor declaration and its dependencies.
2025-05-14T13:26:06.723-03:00  INFO 12368 --- [activities-server] [           main] o.hibernate.jpa.internal.util.LogHelper  : HHH000204: Processing PersistenceUnitInfo [name: default]
2025-05-14T13:26:06.808-03:00  INFO 12368 --- [activities-server] [           main] org.hibernate.Version                    : HHH000412: Hibernate ORM core version 6.4.4.Final
2025-05-14T13:26:06.864-03:00  INFO 12368 --- [activities-server] [           main] o.h.c.internal.RegionFactoryInitiator    : HHH000026: Second-level cache disabled
2025-05-14T13:26:07.221-03:00  INFO 12368 --- [activities-server] [           main] o.s.o.j.p.SpringPersistenceUnitInfo      : No LoadTimeWeaver setup: ignoring JPA class transformer
2025-05-14T13:26:07.252-03:00  INFO 12368 --- [activities-server] [           main] com.zaxxer.hikari.HikariDataSource       : HikariPool-1 - Starting...
2025-05-14T13:26:08.556-03:00  INFO 12368 --- [activities-server] [           main] com.zaxxer.hikari.pool.HikariPool        : HikariPool-1 - Added connection org.sqlite.jdbc4.JDBC4Connection@5fafa76d
2025-05-14T13:26:08.563-03:00  INFO 12368 --- [activities-server] [           main] com.zaxxer.hikari.HikariDataSource       : HikariPool-1 - Start completed.
2025-05-14T13:26:10.412-03:00  INFO 12368 --- [activities-server] [           main] o.h.e.t.j.p.i.JtaPlatformInitiator       : HHH000489: No JTA platform available (set 'hibernate.transaction.jta.platform' to enable JTA platform integration)
Hibernate: drop table if exists activities
Hibernate: create table activities (amount float not null, card_id bigint, id integer, user_id bigint not null, date varchar(255) not null, destination varchar(255) not null, detail varchar(255), origin varchar(255) not null, type varchar(255) not null, primary key (id))
2025-05-14T13:26:10.636-03:00  INFO 12368 --- [activities-server] [           main] j.LocalContainerEntityManagerFactoryBean : Initialized JPA EntityManagerFactory for persistence unit 'default'
2025-05-14T13:26:11.520-03:00  WARN 12368 --- [activities-server] [           main] JpaBaseConfiguration$JpaWebConfiguration : spring.jpa.open-in-view is enabled by default. Therefore, database queries may be performed during view rendering. Explicitly configure spring.jpa.open-in-view to disable this warning
2025-05-14T13:26:13.211-03:00  INFO 12368 --- [activities-server] [           main] o.s.b.a.e.web.EndpointLinksResolver      : Exposing 15 endpoint(s) beneath base path '/actuator'
2025-05-14T13:26:13.431-03:00  INFO 12368 --- [activities-server] [           main] o.s.s.web.DefaultSecurityFilterChain     : Will secure any request with [org.springframework.security.web.session.DisableEncodeUrlFilter@620ba2b0, org.springframework.security.web.context.request.async.WebAsyncManagerIntegrationFilter@6a06b374, org.springframework.security.web.context.SecurityContextHolderFilter@1b12c870, org.springframework.security.web.header.HeaderWriterFilter@198c97d0, org.springframework.web.filter.CorsFilter@2c634c0, org.springframework.security.web.authentication.logout.LogoutFilter@22b00077, com.example.activities_server.SecurityConfig$SecretTokenValidationFilter@4e739968, org.springframework.security.web.savedrequest.RequestCacheAwareFilter@54c15e, org.springframework.security.web.servletapi.SecurityContextHolderAwareRequestFilter@1c7da28, org.springframework.security.web.authentication.AnonymousAuthenticationFilter@71d2bc34, org.springframework.security.web.session.SessionManagementFilter@70c3483b, org.springframework.security.web.access.ExceptionTranslationFilter@1d2b49b2, org.springframework.security.web.access.intercept.AuthorizationFilter@5ad67d82]
2025-05-14T13:26:15.738-03:00  INFO 12368 --- [activities-server] [           main] o.s.cloud.commons.util.InetUtils         : Cannot determine local hostname
2025-05-14T13:26:15.761-03:00  INFO 12368 --- [activities-server] [           main] DiscoveryClientOptionalArgsConfiguration : Eureka HTTP Client uses RestTemplate.
2025-05-14T13:26:15.821-03:00  WARN 12368 --- [activities-server] [           main] iguration$LoadBalancerCaffeineWarnLogger : Spring Cloud LoadBalancer is currently working with the default cache. While this cache implementation is useful for development and tests, it's recommended to use Caffeine cache in production.You can switch to using Caffeine cache, by adding it and org.springframework.cache.caffeine.CaffeineCacheManager to the classpath.
2025-05-14T13:26:15.939-03:00  INFO 12368 --- [activities-server] [           main] c.e.a.ActivitiesServerApplicationTests   : Started ActivitiesServerApplicationTests in 16.819 seconds (process running for 18.441)
]]></system-out>
    <system-err><![CDATA[WARNING: A Java agent has been loaded dynamically (C:\Users\do_ch\.m2\repository\net\bytebuddy\byte-buddy-agent\1.14.12\byte-buddy-agent-1.14.12.jar)
WARNING: If a serviceability tool is in use, please run with -XX:+EnableDynamicAgentLoading to hide this warning
WARNING: If a serviceability tool is not in use, please run with -Djdk.instrument.traceUsage for more information
WARNING: Dynamic loading of agents will be disallowed by default in a future release
]]></system-err>
  </testcase>
</testsuite>